<?xml version="1.0" encoding="UTF-8"?>
<testng-results ignored="0" total="1" passed="1" failed="0" skipped="0">
  <reporter-output>
  </reporter-output>
  <suite started-at="2020-08-30T01:05:43 IST" name="com.qa.tests.LoginTest" finished-at="2020-08-30T01:05:43 IST" duration-ms="74">
    <groups>
    </groups>
    <test started-at="2020-08-30T01:05:43 IST" name="Command line test" finished-at="2020-08-30T01:05:43 IST" duration-ms="74">
      <class name="com.qa.tests.LoginTest">
        <test-method signature="testLogin()[pri:0, instance:com.qa.tests.LoginTest@44c8afef]" started-at="2020-08-30T01:05:43 IST" name="testLogin" finished-at="2020-08-30T01:05:43 IST" duration-ms="8" status="PASS">
          <reporter-output>
          </reporter-output>
        </test-method> <!-- testLogin -->
      </class> <!-- com.qa.tests.LoginTest -->
    </test> <!-- Command line test -->
  </suite> <!-- com.qa.tests.LoginTest -->
</testng-results>
